{"level":"error","message":"Error creating user: E11000 duplicate key error collection: FileEncryption.users index: email_1 dup key: { email: \"grpansare2002@gmail.com\" }","service":"user-registration-api","timestamp":"2025-04-14 13:26:30"}
{"level":"error","message":"Register error: E11000 duplicate key error collection: FileEncryption.users index: email_1 dup key: { email: \"grpansare2002@gmail.com\" }","service":"user-registration-api","timestamp":"2025-04-14 13:26:30"}
{"level":"error","message":"Error creating user: E11000 duplicate key error collection: FileEncryption.users index: email_1 dup key: { email: \"grpansare2002@gmail.com\" }","service":"user-registration-api","timestamp":"2025-04-14 13:27:38"}
{"level":"error","message":"Register error: E11000 duplicate key error collection: FileEncryption.users index: email_1 dup key: { email: \"grpansare2002@gmail.com\" }","service":"user-registration-api","timestamp":"2025-04-14 13:27:38"}
{"level":"error","message":"Error creating user: E11000 duplicate key error collection: FileEncryption.users index: email_1 dup key: { email: \"grpansare2002@gmail.com\" }","service":"user-registration-api","timestamp":"2025-04-14 13:28:22"}
{"level":"error","message":"Register error: E11000 duplicate key error collection: FileEncryption.users index: email_1 dup key: { email: \"grpansare2002@gmail.com\" }","service":"user-registration-api","timestamp":"2025-04-14 13:28:22"}
{"level":"error","message":"Error creating user: E11000 duplicate key error collection: FileEncryption.users index: username_1 dup key: { username: \"grpansare\" }","service":"user-registration-api","timestamp":"2025-04-14 13:35:35"}
{"level":"error","message":"Register error: E11000 duplicate key error collection: FileEncryption.users index: username_1 dup key: { username: \"grpansare\" }","service":"user-registration-api","timestamp":"2025-04-14 13:35:35"}
{"level":"error","message":"Error creating user: E11000 duplicate key error collection: FileEncryption.users index: email_1 dup key: { email: \"grpansare2002@gmail.com\" }","service":"user-registration-api","timestamp":"2025-04-14 13:36:24"}
{"level":"error","message":"Register error: E11000 duplicate key error collection: FileEncryption.users index: email_1 dup key: { email: \"grpansare2002@gmail.com\" }","service":"user-registration-api","timestamp":"2025-04-14 13:36:24"}
{"level":"error","message":"Error creating user: E11000 duplicate key error collection: FileEncryption.users index: email_1 dup key: { email: \"grpansare2002@gmail.com\" }","service":"user-registration-api","timestamp":"2025-04-14 13:38:12"}
{"level":"error","message":"Register error: E11000 duplicate key error collection: FileEncryption.users index: email_1 dup key: { email: \"grpansare2002@gmail.com\" }","service":"user-registration-api","timestamp":"2025-04-14 13:38:12"}
{"level":"error","message":"Error creating user: E11000 duplicate key error collection: FileEncryption.users index: email_1 dup key: { email: \"grpansare2002@gmail.com\" }","service":"user-registration-api","timestamp":"2025-04-14 13:40:41"}
{"level":"error","message":"Register error: E11000 duplicate key error collection: FileEncryption.users index: email_1 dup key: { email: \"grpansare2002@gmail.com\" }","service":"user-registration-api","timestamp":"2025-04-14 13:40:41"}
{"level":"error","message":"Error sending verification email: getaddrinfo ENOTFOUND smtp.example.com","service":"user-registration-api","timestamp":"2025-04-14 13:51:22"}
{"level":"error","message":"Register error: getaddrinfo ENOTFOUND smtp.example.com","service":"user-registration-api","timestamp":"2025-04-14 13:51:22"}
{"level":"error","message":"Error creating user: E11000 duplicate key error collection: FileEncryption.users index: email_1 dup key: { email: \"grpansare2002@gmail.com\" }","service":"user-registration-api","timestamp":"2025-04-14 13:52:23"}
{"level":"error","message":"Register error: E11000 duplicate key error collection: FileEncryption.users index: email_1 dup key: { email: \"grpansare2002@gmail.com\" }","service":"user-registration-api","timestamp":"2025-04-14 13:52:23"}
{"level":"error","message":"Error sending verification email: connect ECONNREFUSED 127.0.0.1:587","service":"user-registration-api","timestamp":"2025-04-14 13:53:17"}
{"level":"error","message":"Register error: connect ECONNREFUSED 127.0.0.1:587","service":"user-registration-api","timestamp":"2025-04-14 13:53:17"}
{"level":"error","message":"Error creating user: E11000 duplicate key error collection: FileEncryption.users index: email_1 dup key: { email: \"grpansare2002@gmail.com\" }","service":"user-registration-api","timestamp":"2025-04-14 13:57:08"}
{"level":"error","message":"Register error: E11000 duplicate key error collection: FileEncryption.users index: email_1 dup key: { email: \"grpansare2002@gmail.com\" }","service":"user-registration-api","timestamp":"2025-04-14 13:57:08"}
{"level":"error","message":"Error sending verification email: Unexpected socket close","service":"user-registration-api","timestamp":"2025-04-14 13:57:32"}
{"level":"error","message":"Register error: Unexpected socket close","service":"user-registration-api","timestamp":"2025-04-14 13:57:32"}
{"level":"error","message":"Error creating user: E11000 duplicate key error collection: FileEncryption.users index: email_1 dup key: { email: \"grpansare2002@gmail.com\" }","service":"user-registration-api","timestamp":"2025-04-14 13:57:56"}
{"level":"error","message":"Register error: E11000 duplicate key error collection: FileEncryption.users index: email_1 dup key: { email: \"grpansare2002@gmail.com\" }","service":"user-registration-api","timestamp":"2025-04-14 13:57:56"}
{"level":"error","message":"Error sending verification email: Unexpected socket close","service":"user-registration-api","timestamp":"2025-04-14 13:58:02"}
{"level":"error","message":"Register error: Unexpected socket close","service":"user-registration-api","timestamp":"2025-04-14 13:58:02"}
{"level":"error","message":"Error creating user: E11000 duplicate key error collection: FileEncryption.users index: email_1 dup key: { email: \"grpansare2002@gmail.com\" }","service":"user-registration-api","timestamp":"2025-04-16 20:21:48"}
{"level":"error","message":"Register error: E11000 duplicate key error collection: FileEncryption.users index: email_1 dup key: { email: \"grpansare2002@gmail.com\" }","service":"user-registration-api","timestamp":"2025-04-16 20:21:48"}
{"level":"error","message":"Error creating user: E11000 duplicate key error collection: FileEncryption.users index: email_1 dup key: { email: \"grpansare2002@gmail.com\" }","service":"user-registration-api","timestamp":"2025-04-16 20:25:54"}
{"level":"error","message":"Register error: E11000 duplicate key error collection: FileEncryption.users index: email_1 dup key: { email: \"grpansare2002@gmail.com\" }","service":"user-registration-api","timestamp":"2025-04-16 20:25:54"}
{"level":"error","message":"Error creating user: E11000 duplicate key error collection: FileEncryption.users index: email_1 dup key: { email: \"grpansare2002@gmail.com\" }","service":"user-registration-api","timestamp":"2025-04-16 20:27:00"}
{"level":"error","message":"Register error: E11000 duplicate key error collection: FileEncryption.users index: email_1 dup key: { email: \"grpansare2002@gmail.com\" }","service":"user-registration-api","timestamp":"2025-04-16 20:27:00"}
{"level":"error","message":"Error creating user: E11000 duplicate key error collection: FileEncryption.users index: email_1 dup key: { email: \"grpansare2002@gmail.com\" }","service":"user-registration-api","timestamp":"2025-04-16 20:28:34"}
{"level":"error","message":"Register error: E11000 duplicate key error collection: FileEncryption.users index: email_1 dup key: { email: \"grpansare2002@gmail.com\" }","service":"user-registration-api","timestamp":"2025-04-16 20:28:34"}
{"level":"error","message":"Error creating user: E11000 duplicate key error collection: FileEncryption.users index: email_1 dup key: { email: \"grpansare2002@gmail.com\" }","service":"user-registration-api","timestamp":"2025-04-16 20:29:43"}
{"level":"error","message":"Register error: E11000 duplicate key error collection: FileEncryption.users index: email_1 dup key: { email: \"grpansare2002@gmail.com\" }","service":"user-registration-api","timestamp":"2025-04-16 20:29:43"}
{"level":"error","message":"Error creating user: E11000 duplicate key error collection: FileEncryption.users index: email_1 dup key: { email: \"grpansare2002@gmail.com\" }","service":"user-registration-api","timestamp":"2025-04-16 20:30:21"}
{"level":"error","message":"Register error: E11000 duplicate key error collection: FileEncryption.users index: email_1 dup key: { email: \"grpansare2002@gmail.com\" }","service":"user-registration-api","timestamp":"2025-04-16 20:30:21"}
{"level":"error","message":"Error creating user: E11000 duplicate key error collection: FileEncryption.users index: username_1 dup key: { username: \"grpansare\" }","service":"user-registration-api","timestamp":"2025-04-16 20:31:15"}
{"level":"error","message":"Register error: E11000 duplicate key error collection: FileEncryption.users index: username_1 dup key: { username: \"grpansare\" }","service":"user-registration-api","timestamp":"2025-04-16 20:31:15"}
{"level":"error","message":"Error creating user: E11000 duplicate key error collection: FileEncryption.users index: email_1 dup key: { email: \"grpansare795@gmail.com\" }","service":"user-registration-api","timestamp":"2025-04-16 20:31:57"}
{"level":"error","message":"Register error: E11000 duplicate key error collection: FileEncryption.users index: email_1 dup key: { email: \"grpansare795@gmail.com\" }","service":"user-registration-api","timestamp":"2025-04-16 20:31:57"}
{"level":"error","message":"Authentication error: Illegal arguments: undefined, string","service":"user-registration-api","timestamp":"2025-04-16 20:49:01"}
{"level":"error","message":"Login error: Illegal arguments: undefined, string","service":"user-registration-api","timestamp":"2025-04-16 20:49:01"}
{"level":"error","message":"Authentication error: Illegal arguments: undefined, string","service":"user-registration-api","timestamp":"2025-04-16 20:50:13"}
{"level":"error","message":"Login error: Illegal arguments: undefined, string","service":"user-registration-api","timestamp":"2025-04-16 20:50:13"}
{"level":"error","message":"Error: getaddrinfo ENOTFOUND smtp.gmail.com","service":"user-registration-api","timestamp":"2025-04-27 11:08:53"}
{"level":"error","message":"Error: getaddrinfo ENOTFOUND smtp.gmail.com\n    at GetAddrInfoReqWrap.onlookupall [as oncomplete] (node:dns:120:26)","service":"user-registration-api","timestamp":"2025-04-27 11:08:53"}
{"level":"error","message":"Error: getaddrinfo ENOTFOUND smtp.gmail.com","service":"user-registration-api","timestamp":"2025-04-27 11:09:12"}
{"level":"error","message":"Error: getaddrinfo ENOTFOUND smtp.gmail.com\n    at GetAddrInfoReqWrap.onlookupall [as oncomplete] (node:dns:120:26)","service":"user-registration-api","timestamp":"2025-04-27 11:09:12"}
{"level":"error","message":"Error: getaddrinfo ENOTFOUND smtp.gmail.com","service":"user-registration-api","timestamp":"2025-04-27 11:09:13"}
{"level":"error","message":"Error: getaddrinfo ENOTFOUND smtp.gmail.com\n    at GetAddrInfoReqWrap.onlookupall [as oncomplete] (node:dns:120:26)","service":"user-registration-api","timestamp":"2025-04-27 11:09:13"}
